[2024-11-20T22:58:57.766Z] [32minfo[39m: GET /api/task/create/1
[2024-11-20T22:59:54.623Z] [32minfo[39m: GET /api/task/create/1
[2024-11-20T23:01:03.988Z] [32minfo[39m: GET /api/task/create/1
[2024-11-20T23:01:08.429Z] [32minfo[39m: GET /api/task/create/1
[2024-11-20T23:01:08.492Z] [32minfo[39m: GET /api/task/create/1
[2024-11-20T23:01:17.329Z] [32minfo[39m: GET /api/task/create/1
[2024-11-20T23:40:05.517Z] [32minfo[39m: POST /api/task/create/1
[2024-11-20T23:41:43.159Z] [32minfo[39m: GET /api/task/get/1
[2024-11-20T23:41:46.231Z] [32minfo[39m: GET /api/task/get/1
[2024-11-20T23:41:53.080Z] [32minfo[39m: GET /api/task/get/1
[2024-11-20T23:41:57.340Z] [32minfo[39m: GET /api/task/get/1
[2024-11-20T23:42:08.046Z] [32minfo[39m: PUT /api/task/56
[2024-11-20T23:42:53.323Z] [32minfo[39m: GET /api/task/get/1
[2024-11-20T23:42:53.387Z] [32minfo[39m: GET /api/task/get/1
[2024-11-20T23:43:33.493Z] [32minfo[39m: GET /api/task/get/1
[2024-11-20T23:43:47.078Z] [32minfo[39m: GET /api/task/get/1
[2024-11-20T23:44:42.879Z] [32minfo[39m: GET /api/task/get/1
[2024-11-20T23:44:53.925Z] [32minfo[39m: GET /api/task/get/1
[2024-11-20T23:44:57.724Z] [32minfo[39m: GET /api/task/get/1
[2024-11-20T23:45:01.223Z] [32minfo[39m: PUT /api/task/56
[2024-11-21T00:04:23.025Z] [32minfo[39m: GET /api/task/get/1
[2024-11-21T00:04:24.004Z] [32minfo[39m: GET /api/task/get/1
[2024-11-21T00:04:53.005Z] [32minfo[39m: GET /api/task/get/1
[2024-11-21T00:04:56.001Z] [32minfo[39m: GET /api/task/get/1
[2024-11-21T00:04:58.051Z] [32minfo[39m: GET /api/task/get/1
[2024-11-21T00:04:59.013Z] [32minfo[39m: GET /api/task/get/1
[2024-11-21T00:05:07.912Z] [32minfo[39m: POST /api/task/create/1
[2024-11-21T00:05:46.362Z] [32minfo[39m: GET /api/task/get/1
[2024-11-21T00:06:19.678Z] [32minfo[39m: GET /api/task/get/1
[2024-11-21T00:06:33.967Z] [32minfo[39m: GET /api/task/get/1
[2024-11-21T00:06:38.793Z] [32minfo[39m: GET /api/task/get/1
[2024-11-21T00:06:39.885Z] [32minfo[39m: GET /api/task/get/1
[2024-11-21T00:06:42.146Z] [32minfo[39m: GET /api/task/get/1
[2024-11-21T00:06:44.666Z] [32minfo[39m: GET /api/task/get/1
[2024-11-21T00:06:44.748Z] [32minfo[39m: GET /api/task/get/1
[2024-11-21T00:06:48.573Z] [32minfo[39m: POST /api/task/create/1
[2024-11-21T00:07:12.975Z] [32minfo[39m: GET /api/task/get/1
[2024-11-21T00:07:18.976Z] [32minfo[39m: GET /api/task/get/1
[2024-11-21T00:07:20.677Z] [32minfo[39m: GET /api/task/get/1
[2024-11-21T00:07:24.717Z] [32minfo[39m: GET /api/task/get/1
[2024-11-21T00:07:46.694Z] [32minfo[39m: GET /api/task/get/1
[2024-11-21T00:08:26.181Z] [32minfo[39m: POST /api/task/create/1
[2024-11-21T00:16:55.511Z] [32minfo[39m: POST /api/task/create/1
[2024-11-21T00:17:38.456Z] [32minfo[39m: GET /api/task/get/1
[2024-11-21T00:17:39.521Z] [32minfo[39m: GET /api/task/get/1
[2024-11-21T00:17:43.222Z] [32minfo[39m: GET /api/task/get/1
[2024-11-21T00:17:46.878Z] [32minfo[39m: GET /api/task/get/1
[2024-11-21T00:17:50.271Z] [32minfo[39m: GET /api/task/get/1
[2024-11-21T00:17:52.726Z] [32minfo[39m: GET /api/task/get/1
[2024-11-21T00:17:57.800Z] [32minfo[39m: GET /api/task/get/1
[2024-11-21T00:18:04.624Z] [32minfo[39m: GET /api/task/get/1
[2024-11-21T00:18:04.709Z] [32minfo[39m: GET /api/task/get/1
[2024-11-21T00:18:06.963Z] [32minfo[39m: GET /api/task/get/1
[2024-11-21T00:18:07.040Z] [32minfo[39m: GET /api/task/get/1
[2024-11-21T00:18:25.727Z] [32minfo[39m: GET /api/task/get/1
[2024-11-21T00:18:28.476Z] [32minfo[39m: GET /api/task/get/1
[2024-11-21T00:18:29.841Z] [32minfo[39m: GET /api/task/get/1
[2024-11-21T00:18:30.918Z] [32minfo[39m: GET /api/task/get/1
[2024-11-21T00:18:36.927Z] [32minfo[39m: GET /api/task/get/1
[2024-11-21T00:18:36.943Z] [32minfo[39m: GET /api/task/get/1
[2024-11-21T00:18:47.839Z] [32minfo[39m: POST /api/task/create/1
[2024-11-21T00:18:56.840Z] [32minfo[39m: DELETE /api/task/94
[2024-11-21T00:21:17.094Z] [32minfo[39m: GET /api/task/get/1
[2024-11-21T00:21:18.123Z] [32minfo[39m: GET /api/task/get/1
[2024-11-21T00:21:37.970Z] [32minfo[39m: GET /api/task/get/1
[2024-11-21T00:21:38.088Z] [32minfo[39m: GET /api/task/get/1
[2024-11-21T00:22:15.435Z] [32minfo[39m: GET /api/task/get/1
[2024-11-21T00:23:44.545Z] [32minfo[39m: POST /api/task/create/1
[2024-11-21T00:24:47.886Z] [32minfo[39m: POST /api/task/create/1
[2024-11-21T00:25:34.646Z] [32minfo[39m: POST /api/task/create/1
[2024-11-21T00:25:49.329Z] [32minfo[39m: POST /api/task/create/1
[2024-11-21T00:30:47.794Z] [32minfo[39m: POST /api/task/create/1
[2024-11-21T00:30:52.263Z] [32minfo[39m: DELETE /api/task/61
[2024-11-21T00:45:14.854Z] [32minfo[39m: GET /api/task/get/1
[2024-11-21T00:47:30.378Z] [32minfo[39m: GET /api/task/get/1
[2024-11-21T00:47:30.385Z] [32minfo[39m: Getting tasks for user
[2024-11-21T00:47:30.401Z] [32minfo[39m: GET /api/task/get/1
[2024-11-21T00:47:30.403Z] [32minfo[39m: Getting tasks for user
[2024-11-21T00:47:51.159Z] [32minfo[39m: POST /api/task/create/1
[2024-11-21T00:47:51.160Z] [32minfo[39m: Creating new task
[2024-11-21T00:49:06.266Z] [32minfo[39m: GET /api/task/get/1
[2024-11-21T00:49:06.267Z] [32minfo[39m: Getting tasks for user
[2024-11-21T00:49:06.290Z] [32minfo[39m: GET /api/task/get/1
[2024-11-21T00:49:06.291Z] [32minfo[39m: Getting tasks for user
[2024-11-21T01:08:37.369Z] [32minfo[39m: GET /api/task/delete/93
[2024-11-21T01:08:43.577Z] [32minfo[39m: DELETE /api/task/delete/93
[2024-11-21T01:08:43.578Z] [32minfo[39m: Deleting task
[2024-11-21T01:22:13.340Z] [32minfo[39m: GET /api/task/get/1
[2024-11-21T01:22:13.341Z] [32minfo[39m: Getting tasks for user
[2024-11-21T01:22:16.588Z] [32minfo[39m: GET /api/task/get/1
[2024-11-21T01:22:16.589Z] [32minfo[39m: Getting tasks for user
[2024-11-21T01:22:26.643Z] [32minfo[39m: GET /api/task/get/1
[2024-11-21T01:22:26.644Z] [32minfo[39m: Getting tasks for user
[2024-11-21T01:22:26.664Z] [32minfo[39m: GET /api/task/get/1
[2024-11-21T01:22:26.665Z] [32minfo[39m: Getting tasks for user
[2024-11-21T01:22:29.287Z] [32minfo[39m: DELETE /api/task/56
[2024-11-21T01:22:58.488Z] [32minfo[39m: GET /api/task/get/1
[2024-11-21T01:22:58.488Z] [32minfo[39m: Getting tasks for user
[2024-11-21T01:22:59.830Z] [32minfo[39m: GET /api/task/get/1
[2024-11-21T01:22:59.830Z] [32minfo[39m: Getting tasks for user
[2024-11-21T01:23:06.720Z] [32minfo[39m: DELETE /api/task/delete/56
[2024-11-21T01:23:06.721Z] [32minfo[39m: Deleting task
[2024-11-21T01:23:08.121Z] [32minfo[39m: DELETE /api/task/delete/57
[2024-11-21T01:23:08.122Z] [32minfo[39m: Deleting task
[2024-11-21T01:23:08.572Z] [32minfo[39m: DELETE /api/task/delete/58
[2024-11-21T01:23:08.573Z] [32minfo[39m: Deleting task
[2024-11-21T01:23:08.770Z] [32minfo[39m: DELETE /api/task/delete/59
[2024-11-21T01:23:08.771Z] [32minfo[39m: Deleting task
[2024-11-21T01:23:08.968Z] [32minfo[39m: DELETE /api/task/delete/60
[2024-11-21T01:23:08.968Z] [32minfo[39m: Deleting task
[2024-11-21T01:23:09.203Z] [32minfo[39m: DELETE /api/task/delete/61
[2024-11-21T01:23:09.203Z] [32minfo[39m: Deleting task
[2024-11-21T01:23:09.386Z] [32minfo[39m: DELETE /api/task/delete/62
[2024-11-21T01:23:09.386Z] [32minfo[39m: Deleting task
[2024-11-21T01:23:09.603Z] [32minfo[39m: DELETE /api/task/delete/63
[2024-11-21T01:23:09.603Z] [32minfo[39m: Deleting task
[2024-11-21T01:23:09.769Z] [32minfo[39m: DELETE /api/task/delete/64
[2024-11-21T01:23:09.770Z] [32minfo[39m: Deleting task
[2024-11-21T01:23:10.151Z] [32minfo[39m: DELETE /api/task/delete/65
[2024-11-21T01:23:10.151Z] [32minfo[39m: Deleting task
[2024-11-21T01:23:10.421Z] [32minfo[39m: DELETE /api/task/delete/66
[2024-11-21T01:23:10.421Z] [32minfo[39m: Deleting task
[2024-11-21T01:23:10.686Z] [32minfo[39m: DELETE /api/task/delete/67
[2024-11-21T01:23:10.686Z] [32minfo[39m: Deleting task
[2024-11-21T01:23:13.185Z] [32minfo[39m: GET /api/task/get/1
[2024-11-21T01:23:13.185Z] [32minfo[39m: Getting tasks for user
[2024-11-21T01:23:13.191Z] [32minfo[39m: GET /api/task/get/1
[2024-11-21T01:23:13.192Z] [32minfo[39m: Getting tasks for user
[2024-11-21T01:23:22.450Z] [32minfo[39m: GET /api/task/get/1
[2024-11-21T01:23:22.451Z] [32minfo[39m: Getting tasks for user
[2024-11-21T01:23:22.461Z] [32minfo[39m: GET /api/task/get/1
[2024-11-21T01:23:22.462Z] [32minfo[39m: Getting tasks for user
[2024-11-21T01:23:47.726Z] [32minfo[39m: DELETE /api/task/delete/56
[2024-11-21T01:23:47.727Z] [32minfo[39m: Deleting task
[2024-11-21T01:23:47.874Z] [32minfo[39m: DELETE /api/task/delete/57
[2024-11-21T01:23:47.874Z] [32minfo[39m: Deleting task
[2024-11-21T01:23:48.041Z] [32minfo[39m: DELETE /api/task/delete/58
[2024-11-21T01:23:48.042Z] [32minfo[39m: Deleting task
[2024-11-21T01:23:48.240Z] [32minfo[39m: DELETE /api/task/delete/59
[2024-11-21T01:23:48.240Z] [32minfo[39m: Deleting task
[2024-11-21T01:23:48.423Z] [32minfo[39m: DELETE /api/task/delete/60
[2024-11-21T01:23:48.423Z] [32minfo[39m: Deleting task
[2024-11-21T01:23:48.605Z] [32minfo[39m: DELETE /api/task/delete/61
[2024-11-21T01:23:48.606Z] [32minfo[39m: Deleting task
[2024-11-21T01:23:48.806Z] [32minfo[39m: DELETE /api/task/delete/62
[2024-11-21T01:23:48.806Z] [32minfo[39m: Deleting task
[2024-11-21T01:23:49.072Z] [32minfo[39m: DELETE /api/task/delete/63
[2024-11-21T01:23:49.072Z] [32minfo[39m: Deleting task
[2024-11-21T01:23:49.343Z] [32minfo[39m: DELETE /api/task/delete/64
[2024-11-21T01:23:49.344Z] [32minfo[39m: Deleting task
[2024-11-21T01:23:49.624Z] [32minfo[39m: DELETE /api/task/delete/65
[2024-11-21T01:23:49.625Z] [32minfo[39m: Deleting task
[2024-11-21T01:23:49.873Z] [32minfo[39m: DELETE /api/task/delete/66
[2024-11-21T01:23:49.873Z] [32minfo[39m: Deleting task
[2024-11-21T01:23:50.158Z] [32minfo[39m: DELETE /api/task/delete/67
[2024-11-21T01:23:50.158Z] [32minfo[39m: Deleting task
[2024-11-21T01:23:50.493Z] [32minfo[39m: DELETE /api/task/delete/68
[2024-11-21T01:23:50.494Z] [32minfo[39m: Deleting task
[2024-11-21T01:23:51.099Z] [32minfo[39m: DELETE /api/task/delete/69
[2024-11-21T01:23:51.099Z] [32minfo[39m: Deleting task
[2024-11-21T01:24:06.830Z] [32minfo[39m: GET /api/task/get/1
[2024-11-21T01:24:06.831Z] [32minfo[39m: Getting tasks for user
[2024-11-21T01:24:06.847Z] [32minfo[39m: GET /api/task/get/1
[2024-11-21T01:24:06.848Z] [32minfo[39m: Getting tasks for user
[2024-11-21T01:24:09.554Z] [32minfo[39m: DELETE /api/task/delete/56
[2024-11-21T01:24:09.554Z] [32minfo[39m: Deleting task
[2024-11-21T01:24:09.721Z] [32minfo[39m: DELETE /api/task/delete/57
[2024-11-21T01:24:09.721Z] [32minfo[39m: Deleting task
[2024-11-21T01:24:09.923Z] [32minfo[39m: DELETE /api/task/delete/58
[2024-11-21T01:24:09.923Z] [32minfo[39m: Deleting task
[2024-11-21T01:24:10.108Z] [32minfo[39m: DELETE /api/task/delete/59
[2024-11-21T01:24:10.109Z] [32minfo[39m: Deleting task
[2024-11-21T01:25:04.303Z] [32minfo[39m: GET /api/task/get/1
[2024-11-21T01:25:04.310Z] [32minfo[39m: Getting tasks for user
[2024-11-21T01:25:04.332Z] [32minfo[39m: GET /api/task/get/1
[2024-11-21T01:25:04.333Z] [32minfo[39m: Getting tasks for user
[2024-11-21T01:25:07.158Z] [32minfo[39m: DELETE /api/task/delete/70
[2024-11-21T01:25:07.159Z] [32minfo[39m: Deleting task
[2024-11-21T01:25:07.902Z] [32minfo[39m: DELETE /api/task/delete/69
[2024-11-21T01:25:07.903Z] [32minfo[39m: Deleting task
[2024-11-21T01:25:08.095Z] [32minfo[39m: DELETE /api/task/delete/68
[2024-11-21T01:25:08.096Z] [32minfo[39m: Deleting task
[2024-11-21T01:25:08.252Z] [32minfo[39m: DELETE /api/task/delete/67
[2024-11-21T01:25:08.253Z] [32minfo[39m: Deleting task
[2024-11-21T01:25:08.439Z] [32minfo[39m: DELETE /api/task/delete/66
[2024-11-21T01:25:08.439Z] [32minfo[39m: Deleting task
[2024-11-21T01:25:08.587Z] [32minfo[39m: DELETE /api/task/delete/65
[2024-11-21T01:25:08.587Z] [32minfo[39m: Deleting task
[2024-11-21T01:25:08.754Z] [32minfo[39m: DELETE /api/task/delete/64
[2024-11-21T01:25:08.754Z] [32minfo[39m: Deleting task
[2024-11-21T01:25:08.922Z] [32minfo[39m: DELETE /api/task/delete/63
[2024-11-21T01:25:08.922Z] [32minfo[39m: Deleting task
[2024-11-21T01:25:09.106Z] [32minfo[39m: DELETE /api/task/delete/62
[2024-11-21T01:25:09.106Z] [32minfo[39m: Deleting task
[2024-11-21T01:25:09.285Z] [32minfo[39m: DELETE /api/task/delete/61
[2024-11-21T01:25:09.285Z] [32minfo[39m: Deleting task
[2024-11-21T01:25:09.487Z] [32minfo[39m: DELETE /api/task/delete/60
[2024-11-21T01:25:09.487Z] [32minfo[39m: Deleting task
[2024-11-21T01:25:15.383Z] [32minfo[39m: POST /api/task/create/1
[2024-11-21T01:25:15.384Z] [32minfo[39m: Creating new task
[2024-11-21T01:25:26.311Z] [32minfo[39m: GET /api/task/get/1
[2024-11-21T01:25:26.311Z] [32minfo[39m: Getting tasks for user
[2024-11-21T01:25:26.356Z] [32minfo[39m: GET /api/task/get/1
[2024-11-21T01:25:26.357Z] [32minfo[39m: Getting tasks for user
[2024-11-21T01:25:28.388Z] [32minfo[39m: DELETE /api/task/delete/92
[2024-11-21T01:25:28.388Z] [32minfo[39m: Deleting task
[2024-11-21T01:25:29.306Z] [32minfo[39m: DELETE /api/task/delete/94
[2024-11-21T01:25:29.307Z] [32minfo[39m: Deleting task
[2024-11-21T01:25:29.923Z] [32minfo[39m: DELETE /api/task/delete/95
[2024-11-21T01:25:29.923Z] [32minfo[39m: Deleting task
[2024-11-21T01:25:30.412Z] [32minfo[39m: DELETE /api/task/delete/96
[2024-11-21T01:25:30.412Z] [32minfo[39m: Deleting task
[2024-11-21T01:25:30.793Z] [32minfo[39m: DELETE /api/task/delete/97
[2024-11-21T01:25:30.793Z] [32minfo[39m: Deleting task
[2024-11-21T01:25:31.220Z] [32minfo[39m: DELETE /api/task/delete/98
[2024-11-21T01:25:31.220Z] [32minfo[39m: Deleting task
[2024-11-21T01:25:32.751Z] [32minfo[39m: GET /api/task/get/1
[2024-11-21T01:25:32.752Z] [32minfo[39m: Getting tasks for user
[2024-11-21T01:25:32.768Z] [32minfo[39m: GET /api/task/get/1
[2024-11-21T01:25:32.768Z] [32minfo[39m: Getting tasks for user
[2024-11-21T01:25:36.823Z] [32minfo[39m: DELETE /api/task/delete/92
[2024-11-21T01:25:36.824Z] [32minfo[39m: Deleting task
[2024-11-21T01:25:37.551Z] [32minfo[39m: DELETE /api/task/delete/94
[2024-11-21T01:25:37.551Z] [32minfo[39m: Deleting task
[2024-11-21T01:25:38.042Z] [32minfo[39m: DELETE /api/task/delete/95
[2024-11-21T01:25:38.043Z] [32minfo[39m: Deleting task
[2024-11-21T01:25:38.353Z] [32minfo[39m: DELETE /api/task/delete/96
[2024-11-21T01:25:38.354Z] [32minfo[39m: Deleting task
[2024-11-21T01:25:38.537Z] [32minfo[39m: DELETE /api/task/delete/97
[2024-11-21T01:25:38.537Z] [32minfo[39m: Deleting task
[2024-11-21T01:25:38.739Z] [32minfo[39m: DELETE /api/task/delete/98
[2024-11-21T01:25:38.739Z] [32minfo[39m: Deleting task
[2024-11-21T01:25:45.497Z] [32minfo[39m: GET /api/task/get/1
[2024-11-21T01:25:45.497Z] [32minfo[39m: Getting tasks for user
[2024-11-21T01:25:45.503Z] [32minfo[39m: GET /api/task/get/1
[2024-11-21T01:25:45.503Z] [32minfo[39m: Getting tasks for user
[2024-11-21T01:44:30.295Z] [32minfo[39m: GET /api/task/get/1
[2024-11-21T01:44:30.300Z] [32minfo[39m: Getting tasks for user
[2024-11-21T01:44:30.315Z] [32minfo[39m: GET /api/task/get/1
[2024-11-21T01:44:30.317Z] [32minfo[39m: Getting tasks for user
[2024-11-21T01:44:33.623Z] [32minfo[39m: DELETE /api/task/delete/100
[2024-11-21T01:44:33.624Z] [32minfo[39m: Deleting task
[2024-11-21T01:44:34.350Z] [32minfo[39m: DELETE /api/task/delete/99
[2024-11-21T01:44:34.351Z] [32minfo[39m: Deleting task
[2024-11-21T01:44:34.717Z] [32minfo[39m: DELETE /api/task/delete/98
[2024-11-21T01:44:34.718Z] [32minfo[39m: Deleting task
[2024-11-21T01:44:34.918Z] [32minfo[39m: DELETE /api/task/delete/97
[2024-11-21T01:44:34.919Z] [32minfo[39m: Deleting task
[2024-11-21T01:44:35.101Z] [32minfo[39m: DELETE /api/task/delete/96
[2024-11-21T01:44:35.101Z] [32minfo[39m: Deleting task
[2024-11-21T01:44:35.984Z] [32minfo[39m: DELETE /api/task/delete/101
[2024-11-21T01:44:35.985Z] [32minfo[39m: Deleting task
[2024-11-21T01:44:36.734Z] [32minfo[39m: DELETE /api/task/delete/95
[2024-11-21T01:44:36.734Z] [32minfo[39m: Deleting task
[2024-11-21T01:44:42.008Z] [32minfo[39m: POST /api/task/create/1
[2024-11-21T01:44:42.008Z] [32minfo[39m: Creating new task
[2024-11-21T01:44:51.187Z] [32minfo[39m: POST /api/task/create/1
[2024-11-21T01:44:51.188Z] [32minfo[39m: Creating new task
[2024-11-21T01:44:54.918Z] [32minfo[39m: GET /api/task/get/1
[2024-11-21T01:44:54.919Z] [32minfo[39m: Getting tasks for user
[2024-11-21T01:44:54.946Z] [32minfo[39m: GET /api/task/get/1
[2024-11-21T01:44:54.947Z] [32minfo[39m: Getting tasks for user
[2024-11-21T01:44:57.439Z] [32minfo[39m: GET /api/task/get/1
[2024-11-21T01:44:57.439Z] [32minfo[39m: Getting tasks for user
[2024-11-21T01:44:57.451Z] [32minfo[39m: GET /api/task/get/1
[2024-11-21T01:44:57.451Z] [32minfo[39m: Getting tasks for user
[2024-11-21T01:45:06.398Z] [32minfo[39m: POST /api/task/create/1
[2024-11-21T01:45:06.398Z] [32minfo[39m: Creating new task
[2024-11-21T05:43:46.446Z] [32minfo[39m: GET /api/task/get/1
[2024-11-21T05:43:46.452Z] [32minfo[39m: Getting tasks for user
[2024-11-21T05:43:46.480Z] [32minfo[39m: GET /api/task/get/1
[2024-11-21T05:43:46.480Z] [32minfo[39m: Getting tasks for user
[2024-11-21T05:43:48.496Z] [32minfo[39m: DELETE /api/task/delete/92
[2024-11-21T05:43:48.497Z] [32minfo[39m: Deleting task
[2024-11-21T05:43:50.497Z] [32minfo[39m: GET /api/task/get/1
[2024-11-21T05:43:50.497Z] [32minfo[39m: Getting tasks for user
[2024-11-21T05:43:50.507Z] [32minfo[39m: GET /api/task/get/1
[2024-11-21T05:43:50.508Z] [32minfo[39m: Getting tasks for user
[2024-11-21T05:45:46.175Z] [32minfo[39m: GET /api/task/get/1
[2024-11-21T05:45:46.175Z] [32minfo[39m: Getting tasks for user
[2024-11-21T05:46:08.415Z] [32minfo[39m: GET /api/task/get/1
[2024-11-21T05:46:08.415Z] [32minfo[39m: Getting tasks for user
[2024-11-21T05:46:10.599Z] [32minfo[39m: GET /api/task/get/1
[2024-11-21T05:46:10.599Z] [32minfo[39m: Getting tasks for user
[2024-11-21T05:46:12.903Z] [32minfo[39m: GET /api/task/get/1
[2024-11-21T05:46:12.903Z] [32minfo[39m: Getting tasks for user
[2024-11-21T05:46:12.975Z] [32minfo[39m: GET /api/task/get/1
[2024-11-21T05:46:12.976Z] [32minfo[39m: Getting tasks for user
[2024-11-21T05:46:14.024Z] [32minfo[39m: GET /api/task/get/1
[2024-11-21T05:46:14.026Z] [32minfo[39m: Getting tasks for user
[2024-11-21T05:46:16.235Z] [32minfo[39m: GET /api/task/get/1
[2024-11-21T05:46:16.235Z] [32minfo[39m: Getting tasks for user
[2024-11-21T05:46:17.576Z] [32minfo[39m: GET /api/task/get/1
[2024-11-21T05:46:17.577Z] [32minfo[39m: Getting tasks for user
[2024-11-21T05:46:18.964Z] [32minfo[39m: GET /api/task/get/1
[2024-11-21T05:46:18.965Z] [32minfo[39m: Getting tasks for user
[2024-11-21T05:46:29.398Z] [32minfo[39m: GET /api/task/get/1
[2024-11-21T05:46:29.399Z] [32minfo[39m: Getting tasks for user
[2024-11-21T05:46:31.339Z] [32minfo[39m: GET /api/task/get/1
[2024-11-21T05:46:31.340Z] [32minfo[39m: Getting tasks for user
[2024-11-21T05:46:35.052Z] [32minfo[39m: GET /api/task/get/1
[2024-11-21T05:46:35.053Z] [32minfo[39m: Getting tasks for user
[2024-11-21T05:46:37.417Z] [32minfo[39m: GET /api/task/get/1
[2024-11-21T05:46:37.417Z] [32minfo[39m: Getting tasks for user
[2024-11-21T05:46:56.887Z] [32minfo[39m: GET /api/task/get/1
[2024-11-21T05:46:56.887Z] [32minfo[39m: Getting tasks for user
[2024-11-21T05:47:07.043Z] [32minfo[39m: GET /api/task/get/1
[2024-11-21T05:47:07.043Z] [32minfo[39m: Getting tasks for user
[2024-11-21T05:47:08.336Z] [32minfo[39m: GET /api/task/get/1
[2024-11-21T05:47:08.336Z] [32minfo[39m: Getting tasks for user
[2024-11-21T05:47:09.458Z] [32minfo[39m: GET /api/task/get/1
[2024-11-21T05:47:09.459Z] [32minfo[39m: Getting tasks for user
[2024-11-21T05:47:11.810Z] [32minfo[39m: GET /api/task/get/1
[2024-11-21T05:47:11.810Z] [32minfo[39m: Getting tasks for user
[2024-11-21T05:47:13.343Z] [32minfo[39m: GET /api/task/get/1
[2024-11-21T05:47:13.343Z] [32minfo[39m: Getting tasks for user
[2024-11-21T05:47:13.418Z] [32minfo[39m: GET /api/task/get/1
[2024-11-21T05:47:13.419Z] [32minfo[39m: Getting tasks for user
[2024-11-21T05:47:20.000Z] [32minfo[39m: GET /api/task/get/1
[2024-11-21T05:47:20.001Z] [32minfo[39m: Getting tasks for user
[2024-11-21T05:48:04.674Z] [32minfo[39m: GET /api/task/get/1
[2024-11-21T05:48:04.675Z] [32minfo[39m: Getting tasks for user
[2024-11-21T05:49:52.055Z] [32minfo[39m: PUT /api/task/update/92
[2024-11-21T05:49:52.058Z] [32minfo[39m: Updating task
[2024-11-21T05:49:57.654Z] [32minfo[39m: PUT /api/task/update/92
[2024-11-21T05:49:57.655Z] [32minfo[39m: Updating task
[2024-11-21T05:49:58.863Z] [32minfo[39m: PUT /api/task/update/92
[2024-11-21T05:49:58.865Z] [32minfo[39m: Updating task
[2024-11-21T05:49:59.563Z] [32minfo[39m: PUT /api/task/update/92
[2024-11-21T05:49:59.564Z] [32minfo[39m: Updating task
[2024-11-21T05:49:59.750Z] [32minfo[39m: PUT /api/task/update/92
[2024-11-21T05:49:59.750Z] [32minfo[39m: Updating task
[2024-11-21T05:49:59.940Z] [32minfo[39m: PUT /api/task/update/92
[2024-11-21T05:49:59.941Z] [32minfo[39m: Updating task
[2024-11-21T05:50:00.129Z] [32minfo[39m: PUT /api/task/update/92
[2024-11-21T05:50:00.130Z] [32minfo[39m: Updating task
[2024-11-21T05:50:00.343Z] [32minfo[39m: PUT /api/task/update/92
[2024-11-21T05:50:00.345Z] [32minfo[39m: Updating task
[2024-11-21T05:52:03.602Z] [32minfo[39m: GET /api/task/get/1
[2024-11-21T05:52:03.603Z] [32minfo[39m: Getting tasks for user
[2024-11-21T05:52:06.715Z] [32minfo[39m: GET /api/task/get/1
[2024-11-21T05:52:06.715Z] [32minfo[39m: Getting tasks for user
[2024-11-21T05:52:32.628Z] [32minfo[39m: GET /api/task/get/1
[2024-11-21T05:52:32.629Z] [32minfo[39m: Getting tasks for user
[2024-11-21T05:52:35.576Z] [32minfo[39m: GET /api/task/get/1
[2024-11-21T05:52:35.576Z] [32minfo[39m: Getting tasks for user
[2024-11-21T05:52:38.360Z] [32minfo[39m: GET /api/task/get/1
[2024-11-21T05:52:38.360Z] [32minfo[39m: Getting tasks for user
[2024-11-21T05:52:39.513Z] [32minfo[39m: GET /api/task/get/1
[2024-11-21T05:52:39.513Z] [32minfo[39m: Getting tasks for user
[2024-11-21T05:52:45.553Z] [32minfo[39m: PUT /api/task/update/92
[2024-11-21T05:52:45.553Z] [32minfo[39m: Updating task
[2024-11-21T05:53:00.385Z] [32minfo[39m: GET /api/task/get/1
[2024-11-21T05:53:00.385Z] [32minfo[39m: Getting tasks for user
[2024-11-21T05:53:30.926Z] [32minfo[39m: GET /api/task/get/1
[2024-11-21T05:53:30.926Z] [32minfo[39m: Getting tasks for user
[2024-11-21T05:53:31.045Z] [32minfo[39m: GET /api/task/get/1
[2024-11-21T05:53:31.046Z] [32minfo[39m: Getting tasks for user
[2024-11-21T05:53:37.812Z] [32minfo[39m: GET /api/task/get/1
[2024-11-21T05:53:37.812Z] [32minfo[39m: Getting tasks for user
[2024-11-21T05:53:38.895Z] [32minfo[39m: GET /api/task/get/1
[2024-11-21T05:53:38.896Z] [32minfo[39m: Getting tasks for user
[2024-11-21T05:53:38.993Z] [32minfo[39m: GET /api/task/get/1
[2024-11-21T05:53:38.994Z] [32minfo[39m: Getting tasks for user
[2024-11-21T05:53:42.237Z] [32minfo[39m: GET /api/task/get/1
[2024-11-21T05:53:42.237Z] [32minfo[39m: Getting tasks for user
[2024-11-21T05:53:49.168Z] [32minfo[39m: GET /api/task/get/1
[2024-11-21T05:53:49.169Z] [32minfo[39m: Getting tasks for user
[2024-11-21T05:53:57.892Z] [32minfo[39m: POST /api/task/create/1
[2024-11-21T05:53:57.893Z] [32minfo[39m: Creating new task
[2024-11-21T05:54:00.805Z] [32minfo[39m: PUT /api/task/update/92
[2024-11-21T05:54:00.805Z] [32minfo[39m: Updating task
[2024-11-21T05:54:25.583Z] [32minfo[39m: PUT /api/task/update/94
[2024-11-21T05:54:25.584Z] [32minfo[39m: Updating task
[2024-11-21T05:54:39.659Z] [32minfo[39m: PUT /api/task/update/94
[2024-11-21T05:54:39.659Z] [32minfo[39m: Updating task
[2024-11-21T05:54:46.791Z] [32minfo[39m: PUT /api/task/update/93
[2024-11-21T05:54:46.792Z] [32minfo[39m: Updating task
[2024-11-21T05:54:53.364Z] [32minfo[39m: PUT /api/task/update/93
[2024-11-21T05:54:53.364Z] [32minfo[39m: Updating task
[2024-11-21T05:55:17.015Z] [32minfo[39m: GET /api/task/get/1
[2024-11-21T05:55:17.016Z] [32minfo[39m: Getting tasks for user
[2024-11-21T05:56:01.962Z] [32minfo[39m: GET /api/task/get/1
[2024-11-21T05:56:01.962Z] [32minfo[39m: Getting tasks for user
[2024-11-21T05:56:01.985Z] [32minfo[39m: GET /api/task/get/1
[2024-11-21T05:56:01.986Z] [32minfo[39m: Getting tasks for user
[2024-11-21T13:02:25.654Z] [32minfo[39m: POST /api/task/create/1
[2024-11-21T13:02:25.666Z] [32minfo[39m: Creating new task
[2024-11-21T13:02:43.500Z] [32minfo[39m: POST /api/task/create/1
[2024-11-21T13:02:43.501Z] [32minfo[39m: Creating new task
[2024-11-21T13:23:03.128Z] [32minfo[39m: GET /api/task/get/1
[2024-11-21T13:23:03.128Z] [32minfo[39m: Getting tasks for user
[2024-11-21T13:23:03.180Z] [32minfo[39m: GET /api/task/get/1
[2024-11-21T13:23:03.180Z] [32minfo[39m: Getting tasks for user
[2024-11-21T13:48:46.484Z] [32minfo[39m: DELETE /api/task/delete/94
[2024-11-21T13:48:46.488Z] [32minfo[39m: Deleting task
[2024-11-21T13:51:11.329Z] [32minfo[39m: GET /api/task/get/1
[2024-11-21T13:51:11.331Z] [32minfo[39m: Getting tasks for user
[2024-11-21T13:51:11.343Z] [32minfo[39m: GET /api/task/get/1
[2024-11-21T13:51:11.344Z] [32minfo[39m: Getting tasks for user
[2024-11-21T14:30:33.492Z] [32minfo[39m: GET /api/task/get/1
[2024-11-21T14:30:33.493Z] [32minfo[39m: Getting tasks for user
[2024-11-21T14:30:33.519Z] [32minfo[39m: GET /api/task/get/1
[2024-11-21T14:30:33.520Z] [32minfo[39m: Getting tasks for user
[2024-11-21T14:42:06.658Z] [32minfo[39m: GET /api/task/get/1
[2024-11-21T14:42:06.665Z] [32minfo[39m: Getting tasks for user
[2024-11-21T14:42:06.699Z] [32minfo[39m: GET /api/task/get/1
[2024-11-21T14:42:06.700Z] [32minfo[39m: Getting tasks for user
[2024-11-21T15:14:35.399Z] [32minfo[39m: GET /api/task/get/1
[2024-11-21T15:14:35.400Z] [32minfo[39m: Getting tasks for user
[2024-11-21T15:14:35.407Z] [32minfo[39m: GET /api/task/get/1
[2024-11-21T15:14:35.408Z] [32minfo[39m: Getting tasks for user
[2024-11-21T15:19:45.575Z] [32minfo[39m: GET /api/task/get/1
[2024-11-21T15:19:45.577Z] [32minfo[39m: Getting tasks for user
[2024-11-21T15:19:45.678Z] [32minfo[39m: GET /api/task/get/1
[2024-11-21T15:19:45.679Z] [32minfo[39m: Getting tasks for user
[2024-11-21T15:34:56.983Z] [32minfo[39m: GET /api/task/get/1
[2024-11-21T15:34:56.989Z] [32minfo[39m: Getting tasks for user
[2024-11-21T15:34:57.043Z] [32minfo[39m: GET /api/task/get/1
[2024-11-21T15:34:57.044Z] [32minfo[39m: Getting tasks for user
[2024-11-21T15:35:01.304Z] [32minfo[39m: PUT /api/task/update/93
[2024-11-21T15:35:01.305Z] [32minfo[39m: Updating task
[2024-11-21T15:35:01.309Z] [32minfo[39m: Task updated successfully
[2024-11-21T15:35:04.496Z] [32minfo[39m: GET /api/task/get/1
[2024-11-21T15:35:04.496Z] [32minfo[39m: Getting tasks for user
[2024-11-21T15:35:04.503Z] [32minfo[39m: GET /api/task/get/1
[2024-11-21T15:35:04.505Z] [32minfo[39m: Getting tasks for user
[2024-11-21T16:28:58.845Z] [32minfo[39m: GET /api/task/get/1
[2024-11-21T16:28:58.849Z] [32minfo[39m: Getting tasks for user
[2024-11-21T16:28:58.861Z] [32minfo[39m: GET /api/task/get/1
[2024-11-21T16:28:58.862Z] [32minfo[39m: Getting tasks for user
[2024-11-21T18:56:02.166Z] [32minfo[39m: GET /api/task/get/1
[2024-11-21T18:56:02.170Z] [32minfo[39m: Getting tasks for user
[2024-11-21T18:56:02.188Z] [32minfo[39m: GET /api/task/get/1
[2024-11-21T18:56:02.189Z] [32minfo[39m: Getting tasks for user
[2024-11-21T19:59:25.555Z] [32minfo[39m: GET /api/task/get/1
[2024-11-21T19:59:25.556Z] [32minfo[39m: Getting tasks for user
[2024-11-21T19:59:25.571Z] [32minfo[39m: GET /api/task/get/1
[2024-11-21T19:59:25.571Z] [32minfo[39m: Getting tasks for user
[2024-11-21T20:41:07.504Z] [32minfo[39m: GET /api/task/get/1
[2024-11-21T20:41:07.505Z] [32minfo[39m: Getting tasks for user
[2024-11-21T20:41:07.518Z] [32minfo[39m: GET /api/task/get/1
[2024-11-21T20:41:07.518Z] [32minfo[39m: Getting tasks for user
[2024-11-21T22:00:56.652Z] [32minfo[39m: GET /api/task/get/1
[2024-11-21T22:00:56.654Z] [32minfo[39m: Getting tasks for user
[2024-11-21T22:00:56.674Z] [32minfo[39m: GET /api/task/get/1
[2024-11-21T22:00:56.676Z] [32minfo[39m: Getting tasks for user
[2024-11-22T20:11:56.104Z] [32minfo[39m: GET /api/task/get/1
[2024-11-22T20:11:56.127Z] [32minfo[39m: Getting tasks for user
[2024-11-22T20:11:56.155Z] [32minfo[39m: GET /api/task/get/1
[2024-11-22T20:11:56.156Z] [32minfo[39m: Getting tasks for user
[2024-11-22T20:12:01.346Z] [32minfo[39m: DELETE /api/task/delete/95
[2024-11-22T20:13:31.513Z] [32minfo[39m: GET /api/task/get/1
[2024-11-22T20:13:31.516Z] [32minfo[39m: Getting tasks for user
[2024-11-22T20:13:31.540Z] [32minfo[39m: GET /api/task/get/1
[2024-11-22T20:13:31.541Z] [32minfo[39m: Getting tasks for user
[2024-11-22T20:13:33.088Z] [32minfo[39m: DELETE /api/task/delete/95
[2024-11-22T20:15:26.528Z] [32minfo[39m: GET /api/task/get/1
[2024-11-22T20:15:26.533Z] [32minfo[39m: Getting tasks for user
[2024-11-22T20:15:26.588Z] [32minfo[39m: GET /api/task/get/1
[2024-11-22T20:15:26.589Z] [32minfo[39m: Getting tasks for user
[2024-11-22T20:15:27.819Z] [32minfo[39m: DELETE /api/task/delete/94
[2024-11-22T20:15:27.820Z] [32minfo[39m: Deleting task
[2024-11-22T20:15:27.822Z] [32minfo[39m: Task deleted successfully
[2024-11-22T20:15:35.329Z] [32minfo[39m: GET /api/task/get/1
[2024-11-22T20:15:35.329Z] [32minfo[39m: Getting tasks for user
[2024-11-22T20:15:35.341Z] [32minfo[39m: GET /api/task/get/1
[2024-11-22T20:15:35.342Z] [32minfo[39m: Getting tasks for user
[2024-11-22T22:07:11.637Z] [32minfo[39m: POST /api/task/create/1
[2024-11-22T22:07:11.644Z] [32minfo[39m: Creating new task
[2024-11-22T22:07:11.672Z] [32minfo[39m: Task created successfully
[2024-11-22T22:07:21.649Z] [32minfo[39m: GET /api/task/get/1
[2024-11-22T22:07:21.652Z] [32minfo[39m: Getting tasks for user
[2024-11-22T22:07:21.677Z] [32minfo[39m: GET /api/task/get/1
[2024-11-22T22:07:21.678Z] [32minfo[39m: Getting tasks for user
[2024-11-22T22:07:23.562Z] [32minfo[39m: DELETE /api/task/delete/93
[2024-11-22T22:07:23.563Z] [32minfo[39m: Deleting task
[2024-11-22T22:07:23.565Z] [32minfo[39m: Task deleted successfully
[2024-11-22T22:07:24.398Z] [32minfo[39m: DELETE /api/task/delete/95
[2024-11-22T22:07:24.399Z] [32minfo[39m: Deleting task
[2024-11-22T22:07:24.400Z] [32minfo[39m: Task deleted successfully
[2024-11-22T22:07:29.841Z] [32minfo[39m: POST /api/task/create/1
[2024-11-22T22:07:29.841Z] [32minfo[39m: Creating new task
[2024-11-22T22:07:29.871Z] [32minfo[39m: Task created successfully
[2024-11-22T22:07:32.670Z] [32minfo[39m: GET /api/task/get/1
[2024-11-22T22:07:32.672Z] [32minfo[39m: Getting tasks for user
[2024-11-22T22:07:32.689Z] [32minfo[39m: GET /api/task/get/1
[2024-11-22T22:07:32.690Z] [32minfo[39m: Getting tasks for user
